Debugger listening on ws://127.0.0.1:9230/f87d7c2e-d6d8-4cf5-b3a4-b2979895788e
For help, see: https://nodejs.org/en/docs/inspector
   the --inspect option was detected, the Next.js router server should be inspected at 9230.
   ▲ Next.js 15.3.3 (Turbopack)
   - Local:        http://localhost:9002
   - Network:      http://192.168.1.200:9002
   - Environments: .env.local

 ✓ Starting...
2025-06-10T12:22:02.113Z next:router-server:filesystem nextDataRoutes Set(0) {}
2025-06-10T12:22:02.113Z next:router-server:filesystem dynamicRoutes []
2025-06-10T12:22:02.113Z next:router-server:filesystem customRoutes {
  headers: [],
  rewrites: { beforeFiles: [], afterFiles: [], fallback: [] },
  redirects: [
    {
      source: '/:path+/',
      destination: '/:path+',
      permanent: true,
      locale: undefined,
      internal: true
    }
  ]
}
2025-06-10T12:22:02.113Z next:router-server:filesystem publicFolderItems Set(0) {}
2025-06-10T12:22:02.114Z next:router-server:filesystem nextStaticFolderItems Set(0) {}
2025-06-10T12:22:02.114Z next:router-server:filesystem pageFiles Set(0) {}
2025-06-10T12:22:02.114Z next:router-server:filesystem appFiles Set(0) {}
Creating turbopack project { dir: '/Users/franzenzenhofer/dev/franzai-writer', testMode: true }
[telemetry] {
  "eventName": "NEXT_CLI_SESSION_STARTED",
  "payload": {
    "nextVersion": "15.3.3",
    "nodeVersion": "v22.16.0",
    "cliCommand": "dev",
    "isSrcDir": true,
    "hasNowJson": false,
    "isCustomServer": false,
    "hasNextConfig": true,
    "buildTarget": "default",
    "hasWebpackConfig": false,
    "hasBabelConfig": false,
    "imageEnabled": true,
    "imageFutureEnabled": true,
    "basePathEnabled": false,
    "i18nEnabled": false,
    "locales": null,
    "localeDomainsCount": null,
    "localeDetectionEnabled": null,
    "imageDomainsCount": 0,
    "imageRemotePatternsCount": 1,
    "imageLocalPatternsCount": null,
    "imageSizes": "16,32,48,64,96,128,256,384",
    "imageQualities": null,
    "imageLoader": "default",
    "imageFormats": "image/webp",
    "nextConfigOutput": null,
    "trailingSlashEnabled": false,
    "reactStrictMode": false,
    "webpackVersion": 5,
    "turboFlag": true,
    "isRspack": false,
    "appDir": true,
    "pagesDir": false,
    "staticStaleTime": 300,
    "dynamicStaleTime": 0,
    "reactCompiler": false,
    "reactCompilerCompilationMode": null,
    "reactCompilerPanicThreshold": null
  }
}
[telemetry] {
  "eventName": "NEXT_BUILD_FEATURE_USAGE",
  "payload": {
    "featureName": "turbopackPersistentCaching",
    "invocationCount": 0
  }
}
 ✓ Ready in 594ms
