
> nextn@0.1.0 dev
> next dev --turbopack -p 9002 2>&1 | tee -a logs/nextjs-dev.log

Debugger listening on ws://127.0.0.1:9230/70e2a0bd-8583-4c60-9cdb-6e4fb66f74e4
For help, see: https://nodejs.org/en/docs/inspector
   the --inspect option was detected, the Next.js router server should be inspected at 9230.
   ▲ Next.js 15.3.3 (Turbopack)
   - Local:        http://localhost:9002
   - Network:      http://192.168.1.200:9002
   - Environments: .env.local

 ✓ Starting...
[telemetry] {
  "eventName": "NEXT_CLI_SESSION_STARTED",
  "payload": {
    "nextVersion": "15.3.3",
    "nodeVersion": "v22.16.0",
    "cliCommand": "dev",
    "isSrcDir": true,
    "hasNowJson": false,
    "isCustomServer": false,
    "hasNextConfig": true,
    "buildTarget": "default",
    "hasWebpackConfig": false,
    "hasBabelConfig": false,
    "imageEnabled": true,
    "imageFutureEnabled": true,
    "basePathEnabled": false,
    "i18nEnabled": false,
    "locales": null,
    "localeDomainsCount": null,
    "localeDetectionEnabled": null,
    "imageDomainsCount": 0,
    "imageRemotePatternsCount": 1,
    "imageLocalPatternsCount": null,
    "imageSizes": "16,32,48,64,96,128,256,384",
    "imageQualities": null,
    "imageLoader": "default",
    "imageFormats": "image/webp",
    "nextConfigOutput": null,
    "trailingSlashEnabled": false,
    "reactStrictMode": false,
    "webpackVersion": 5,
    "turboFlag": true,
    "isRspack": false,
    "appDir": true,
    "pagesDir": false,
    "staticStaleTime": 300,
    "dynamicStaleTime": 0,
    "reactCompiler": false,
    "reactCompilerCompilationMode": null,
    "reactCompilerPanicThreshold": null
  }
}
[telemetry] {
  "eventName": "NEXT_BUILD_FEATURE_USAGE",
  "payload": {
    "featureName": "turbopackPersistentCaching",
    "invocationCount": 0
  }
}
 ✓ Ready in 596ms
 ○ Compiling / ...
Starting inspector on 127.0.0.1:9230 failed: address already in use
 ✓ Compiled / in 1385ms
 GET / 200 in 1668ms
 ✓ Compiled /favicon.ico in 216ms
 GET /favicon.ico?favicon.56766c03.ico 200 in 453ms
 GET / 200 in 69ms
 GET /favicon.ico?favicon.56766c03.ico 200 in 225ms
 GET / 200 in 126ms
 GET /favicon.ico?favicon.56766c03.ico 200 in 238ms
